<?xml version="1.0" encoding="UTF-8"?>
<testng-results ignored="0" total="1" passed="1" failed="0" skipped="0">
  <reporter-output>
  </reporter-output>
  <suite started-at="2021-07-21T13:22:22 EDT" name="Default suite" finished-at="2021-07-21T13:22:35 EDT" duration-ms="12388">
    <groups>
    </groups>
    <test started-at="2021-07-21T13:22:22 EDT" name="Default test" finished-at="2021-07-21T13:22:35 EDT" duration-ms="12388">
      <class name="com.selenium.report.ExtentReportDemoTest">
        <test-method is-config="true" signature="config()[pri:0, instance:com.selenium.report.ExtentReportDemoTest@6293abcc]" started-at="2021-07-21T13:22:22 EDT" name="config" finished-at="2021-07-21T13:22:22 EDT" duration-ms="316" status="PASS">
          <reporter-output>
          </reporter-output>
        </test-method> <!-- config -->
        <test-method signature="getReportDemo()[pri:0, instance:com.selenium.report.ExtentReportDemoTest@6293abcc]" started-at="2021-07-21T13:22:22 EDT" name="getReportDemo" finished-at="2021-07-21T13:22:34 EDT" duration-ms="12019" status="PASS">
          <reporter-output>
          </reporter-output>
        </test-method> <!-- getReportDemo -->
      </class> <!-- com.selenium.report.ExtentReportDemoTest -->
    </test> <!-- Default test -->
  </suite> <!-- Default suite -->
</testng-results>
